<?xml version="1.0" encoding="UTF-8"?>
<!-- Generated by org.testng.reporters.JUnitXMLReporter -->
<testsuite ignored="0" hostname="DESKTOP-4M9BG66" failures="0" tests="6" name="Default test" time="4.809" errors="0" timestamp="2023-02-14T00:08:22 IST">
  <testcase classname="DynamicJson" name="addBookTest" time="3.788"/>
  <testcase classname="DynamicJson" name="addBookTest" time="0.199"/>
  <testcase classname="DynamicJson" name="addBookTest" time="0.216"/>
  <testcase classname="DynamicJson" name="deleteBook" time="0.198"/>
  <testcase classname="DynamicJson" name="deleteBook" time="0.156"/>
  <testcase classname="DynamicJson" name="deleteBook" time="0.147"/>
</testsuite> <!-- Default test -->
