<?xml version="1.0" encoding="UTF-8"?>
<testng-results ignored="0" total="6" passed="6" failed="0" skipped="0">
  <reporter-output>
  </reporter-output>
  <suite started-at="2023-02-14T00:08:17 IST" name="Default suite" finished-at="2023-02-14T00:08:22 IST" duration-ms="4809">
    <groups>
    </groups>
    <test started-at="2023-02-14T00:08:17 IST" name="Default test" finished-at="2023-02-14T00:08:22 IST" duration-ms="4809">
      <class name="DynamicJson">
        <test-method signature="addBookTest(java.lang.String, java.lang.String)[pri:0, instance:DynamicJson@568ff82]" started-at="2023-02-14T00:08:17 IST" name="addBookTest" data-provider="BooksData" finished-at="2023-02-14T00:08:21 IST" duration-ms="3788" status="PASS">
          <params>
            <param index="0">
              <value>
                <![CDATA[fhtf]]>
              </value>
            </param>
            <param index="1">
              <value>
                <![CDATA[4657]]>
              </value>
            </param>
          </params>
          <reporter-output>
          </reporter-output>
        </test-method> <!-- addBookTest -->
        <test-method signature="addBookTest(java.lang.String, java.lang.String)[pri:0, instance:DynamicJson@568ff82]" started-at="2023-02-14T00:08:21 IST" name="addBookTest" data-provider="BooksData" finished-at="2023-02-14T00:08:21 IST" duration-ms="199" status="PASS">
          <params>
            <param index="0">
              <value>
                <![CDATA[ascnl]]>
              </value>
            </param>
            <param index="1">
              <value>
                <![CDATA[6329]]>
              </value>
            </param>
          </params>
          <reporter-output>
          </reporter-output>
        </test-method> <!-- addBookTest -->
        <test-method signature="addBookTest(java.lang.String, java.lang.String)[pri:0, instance:DynamicJson@568ff82]" started-at="2023-02-14T00:08:21 IST" name="addBookTest" data-provider="BooksData" finished-at="2023-02-14T00:08:21 IST" duration-ms="216" status="PASS">
          <params>
            <param index="0">
              <value>
                <![CDATA[kmqa]]>
              </value>
            </param>
            <param index="1">
              <value>
                <![CDATA[1987]]>
              </value>
            </param>
          </params>
          <reporter-output>
          </reporter-output>
        </test-method> <!-- addBookTest -->
        <test-method signature="deleteBook(java.lang.String, java.lang.String)[pri:0, instance:DynamicJson@568ff82]" started-at="2023-02-14T00:08:21 IST" name="deleteBook" data-provider="BooksData" finished-at="2023-02-14T00:08:21 IST" duration-ms="198" status="PASS">
          <params>
            <param index="0">
              <value>
                <![CDATA[fhtf]]>
              </value>
            </param>
            <param index="1">
              <value>
                <![CDATA[4657]]>
              </value>
            </param>
          </params>
          <reporter-output>
          </reporter-output>
        </test-method> <!-- deleteBook -->
        <test-method signature="deleteBook(java.lang.String, java.lang.String)[pri:0, instance:DynamicJson@568ff82]" started-at="2023-02-14T00:08:21 IST" name="deleteBook" data-provider="BooksData" finished-at="2023-02-14T00:08:22 IST" duration-ms="156" status="PASS">
          <params>
            <param index="0">
              <value>
                <![CDATA[ascnl]]>
              </value>
            </param>
            <param index="1">
              <value>
                <![CDATA[6329]]>
              </value>
            </param>
          </params>
          <reporter-output>
          </reporter-output>
        </test-method> <!-- deleteBook -->
        <test-method signature="deleteBook(java.lang.String, java.lang.String)[pri:0, instance:DynamicJson@568ff82]" started-at="2023-02-14T00:08:22 IST" name="deleteBook" data-provider="BooksData" finished-at="2023-02-14T00:08:22 IST" duration-ms="147" status="PASS">
          <params>
            <param index="0">
              <value>
                <![CDATA[kmqa]]>
              </value>
            </param>
            <param index="1">
              <value>
                <![CDATA[1987]]>
              </value>
            </param>
          </params>
          <reporter-output>
          </reporter-output>
        </test-method> <!-- deleteBook -->
      </class> <!-- DynamicJson -->
    </test> <!-- Default test -->
  </suite> <!-- Default suite -->
</testng-results>
