<?xml version="1.0" encoding="UTF-8"?>
<testsuite xmlns:xsi="http://www.w3.org/2001/XMLSchema-instance" xsi:noNamespaceSchemaLocation="https://maven.apache.org/surefire/maven-surefire-plugin/xsd/surefire-test-report.xsd" name="cucumber.Options.TestRunner" time="14.822" tests="2" errors="0" skipped="0" failures="0">
  <properties>
[...]
</properties>
  <testcase name="Verify if Place is bieng successfully added using Add Place api" classname="Validating Place API&apos;s" time="11.765"/>
  <testcase name="Verify if Delete Place functionality id working" classname="Validating Place API&apos;s" time="1.293"/>
</testsuite>